internal/modules/cjs/loader.js:965
  throw err;
  ^

Error: Cannot find module '@author.io/args'
Require stack:
- C:\Users\DELL\AppData\Roaming\npm\node_modules\node-windows\lib\wrapper.js
    at Function.Module._resolveFilename (internal/modules/cjs/loader.js:962:15)
    at Function.Module._load (internal/modules/cjs/loader.js:838:27)
    at Module.require (internal/modules/cjs/loader.js:1022:19)
    at require (internal/modules/cjs/helpers.js:72:18)
    at Object.<anonymous> (C:\Users\DELL\AppData\Roaming\npm\node_modules\node-windows\lib\wrapper.js:3:12)
    at Module._compile (internal/modules/cjs/loader.js:1118:30)
    at Object.Module._extensions..js (internal/modules/cjs/loader.js:1138:10)
    at Module.load (internal/modules/cjs/loader.js:982:32)
    at Function.Module._load (internal/modules/cjs/loader.js:875:14)
    at Function.executeUserEntryPoint [as runMain] (internal/modules/run_main.js:71:12) {
  code: 'MODULE_NOT_FOUND',
  requireStack: [
    'C:\\Users\\DELL\\AppData\\Roaming\\npm\\node_modules\\node-windows\\lib\\wrapper.js'
  ]
}
internal/modules/cjs/loader.js:965
  throw err;
  ^

Error: Cannot find module '@author.io/args'
Require stack:
- C:\Users\DELL\AppData\Roaming\npm\node_modules\node-windows\lib\wrapper.js
    at Function.Module._resolveFilename (internal/modules/cjs/loader.js:962:15)
    at Function.Module._load (internal/modules/cjs/loader.js:838:27)
    at Module.require (internal/modules/cjs/loader.js:1022:19)
    at require (internal/modules/cjs/helpers.js:72:18)
    at Object.<anonymous> (C:\Users\DELL\AppData\Roaming\npm\node_modules\node-windows\lib\wrapper.js:3:12)
    at Module._compile (internal/modules/cjs/loader.js:1118:30)
    at Object.Module._extensions..js (internal/modules/cjs/loader.js:1138:10)
    at Module.load (internal/modules/cjs/loader.js:982:32)
    at Function.Module._load (internal/modules/cjs/loader.js:875:14)
    at Function.executeUserEntryPoint [as runMain] (internal/modules/run_main.js:71:12) {
  code: 'MODULE_NOT_FOUND',
  requireStack: [
    'C:\\Users\\DELL\\AppData\\Roaming\\npm\\node_modules\\node-windows\\lib\\wrapper.js'
  ]
}
internal/modules/cjs/loader.js:965
  throw err;
  ^

Error: Cannot find module '@author.io/args'
Require stack:
- C:\Users\DELL\AppData\Roaming\npm\node_modules\node-windows\lib\wrapper.js
    at Function.Module._resolveFilename (internal/modules/cjs/loader.js:962:15)
    at Function.Module._load (internal/modules/cjs/loader.js:838:27)
    at Module.require (internal/modules/cjs/loader.js:1022:19)
    at require (internal/modules/cjs/helpers.js:72:18)
    at Object.<anonymous> (C:\Users\DELL\AppData\Roaming\npm\node_modules\node-windows\lib\wrapper.js:3:12)
    at Module._compile (internal/modules/cjs/loader.js:1118:30)
    at Object.Module._extensions..js (internal/modules/cjs/loader.js:1138:10)
    at Module.load (internal/modules/cjs/loader.js:982:32)
    at Function.Module._load (internal/modules/cjs/loader.js:875:14)
    at Function.executeUserEntryPoint [as runMain] (internal/modules/run_main.js:71:12) {
  code: 'MODULE_NOT_FOUND',
  requireStack: [
    'C:\\Users\\DELL\\AppData\\Roaming\\npm\\node_modules\\node-windows\\lib\\wrapper.js'
  ]
}
internal/modules/cjs/loader.js:965
  throw err;
  ^

Error: Cannot find module '@author.io/args'
Require stack:
- C:\Users\DELL\AppData\Roaming\npm\node_modules\node-windows\lib\wrapper.js
    at Function.Module._resolveFilename (internal/modules/cjs/loader.js:962:15)
    at Function.Module._load (internal/modules/cjs/loader.js:838:27)
    at Module.require (internal/modules/cjs/loader.js:1022:19)
    at require (internal/modules/cjs/helpers.js:72:18)
    at Object.<anonymous> (C:\Users\DELL\AppData\Roaming\npm\node_modules\node-windows\lib\wrapper.js:3:12)
    at Module._compile (internal/modules/cjs/loader.js:1118:30)
    at Object.Module._extensions..js (internal/modules/cjs/loader.js:1138:10)
    at Module.load (internal/modules/cjs/loader.js:982:32)
    at Function.Module._load (internal/modules/cjs/loader.js:875:14)
    at Function.executeUserEntryPoint [as runMain] (internal/modules/run_main.js:71:12) {
  code: 'MODULE_NOT_FOUND',
  requireStack: [
    'C:\\Users\\DELL\\AppData\\Roaming\\npm\\node_modules\\node-windows\\lib\\wrapper.js'
  ]
}
internal/modules/cjs/loader.js:965
  throw err;
  ^

Error: Cannot find module '@author.io/args'
Require stack:
- C:\Users\DELL\AppData\Roaming\npm\node_modules\node-windows\lib\wrapper.js
    at Function.Module._resolveFilename (internal/modules/cjs/loader.js:962:15)
    at Function.Module._load (internal/modules/cjs/loader.js:838:27)
    at Module.require (internal/modules/cjs/loader.js:1022:19)
    at require (internal/modules/cjs/helpers.js:72:18)
    at Object.<anonymous> (C:\Users\DELL\AppData\Roaming\npm\node_modules\node-windows\lib\wrapper.js:3:12)
    at Module._compile (internal/modules/cjs/loader.js:1118:30)
    at Object.Module._extensions..js (internal/modules/cjs/loader.js:1138:10)
    at Module.load (internal/modules/cjs/loader.js:982:32)
    at Function.Module._load (internal/modules/cjs/loader.js:875:14)
    at Function.executeUserEntryPoint [as runMain] (internal/modules/run_main.js:71:12) {
  code: 'MODULE_NOT_FOUND',
  requireStack: [
    'C:\\Users\\DELL\\AppData\\Roaming\\npm\\node_modules\\node-windows\\lib\\wrapper.js'
  ]
}
